0 info it worked if it ends with ok
1 verbose cli [ '/Users/nwre87/.nvm/versions/node/v6.9.4/bin/node',
1 verbose cli   '/Users/nwre87/.nvm/versions/node/v6.9.4/bin/npm',
1 verbose cli   'start' ]
2 info using npm@3.10.10
3 info using node@v6.9.4
4 verbose run-script [ 'prestart', 'start', 'poststart' ]
5 info lifecycle react-redux-todo@1.0.0~prestart: react-redux-todo@1.0.0
6 silly lifecycle react-redux-todo@1.0.0~prestart: no script for prestart, continuing
7 info lifecycle react-redux-todo@1.0.0~start: react-redux-todo@1.0.0
8 verbose lifecycle react-redux-todo@1.0.0~start: unsafe-perm in lifecycle true
9 verbose lifecycle react-redux-todo@1.0.0~start: PATH: /Users/nwre87/.nvm/versions/node/v6.9.4/lib/node_modules/npm/bin/node-gyp-bin:/Users/nwre87/Documents/workspace/aegis-tech/react-redux-todo/node_modules/.bin:/opt/apache-maven-3.3.9/bin:/Library/Java/JavaVirtualMachines/jdk1.8.0_91.jdk/Contents/Home/bin:/Users/nwre87/.nvm/versions/node/v6.9.4/bin:/usr/local/heroku/bin:/Users/nwre87/.rbenv/shims:/Applications/Postgres.app/Contents/Versions/9.3/bin:/usr/bin:/bin:/usr/sbin:/sbin:/usr/local/bin:/Users/nwre87/Documents/workspace/Golang/bin:/Users/nwre87/Library/Android/sdk/tools:/Users/nwre87/Library/Android/sdk/platform-tools:/Users/nwre87/.nvm/versions/node/v6.9.4/bin
10 verbose lifecycle react-redux-todo@1.0.0~start: CWD: /Users/nwre87/Documents/workspace/aegis-tech/react-redux-todo
11 silly lifecycle react-redux-todo@1.0.0~start: Args: [ '-c', 'node server.js' ]
12 silly lifecycle react-redux-todo@1.0.0~start: Returned: code: 1  signal: null
13 info lifecycle react-redux-todo@1.0.0~start: Failed to exec start script
14 verbose stack Error: react-redux-todo@1.0.0 start: `node server.js`
14 verbose stack Exit status 1
14 verbose stack     at EventEmitter.<anonymous> (/Users/nwre87/.nvm/versions/node/v6.9.4/lib/node_modules/npm/lib/utils/lifecycle.js:255:16)
14 verbose stack     at emitTwo (events.js:106:13)
14 verbose stack     at EventEmitter.emit (events.js:191:7)
14 verbose stack     at ChildProcess.<anonymous> (/Users/nwre87/.nvm/versions/node/v6.9.4/lib/node_modules/npm/lib/utils/spawn.js:40:14)
14 verbose stack     at emitTwo (events.js:106:13)
14 verbose stack     at ChildProcess.emit (events.js:191:7)
14 verbose stack     at maybeClose (internal/child_process.js:877:16)
14 verbose stack     at Process.ChildProcess._handle.onexit (internal/child_process.js:226:5)
15 verbose pkgid react-redux-todo@1.0.0
16 verbose cwd /Users/nwre87/Documents/workspace/aegis-tech/react-redux-todo
17 error Darwin 16.5.0
18 error argv "/Users/nwre87/.nvm/versions/node/v6.9.4/bin/node" "/Users/nwre87/.nvm/versions/node/v6.9.4/bin/npm" "start"
19 error node v6.9.4
20 error npm  v3.10.10
21 error code ELIFECYCLE
22 error react-redux-todo@1.0.0 start: `node server.js`
22 error Exit status 1
23 error Failed at the react-redux-todo@1.0.0 start script 'node server.js'.
23 error Make sure you have the latest version of node.js and npm installed.
23 error If you do, this is most likely a problem with the react-redux-todo package,
23 error not with npm itself.
23 error Tell the author that this fails on your system:
23 error     node server.js
23 error You can get information on how to open an issue for this project with:
23 error     npm bugs react-redux-todo
23 error Or if that isn't available, you can get their info via:
23 error     npm owner ls react-redux-todo
23 error There is likely additional logging output above.
24 verbose exit [ 1, true ]
